2021-07-24T03:51:41+00:00 CRITICAL Maximum execution time of 120 seconds exceeded in D:\Aarshit_Diploma\xmapp\htdocs\sanjivani\wp-includes\wp-db.php on line 2056

2021-07-24T04:56:33+00:00 CRITICAL Uncaught TypeError: explode(): Argument #2 ($string) must be of type string, array given in D:\Aarshit_Diploma\xmapp\htdocs\sanjivani\wp-includes\class.wp-dependencies.php:166
Stack trace:
#0 D:\Aarshit_Diploma\xmapp\htdocs\sanjivani\wp-includes\class.wp-dependencies.php(166): explode('?', Array)
#1 D:\Aarshit_Diploma\xmapp\htdocs\sanjivani\wp-includes\class.wp-styles.php(371): WP_Dependencies->all_deps(Array, false, false)
#2 D:\Aarshit_Diploma\xmapp\htdocs\sanjivani\wp-includes\class.wp-dependencies.php(106): WP_Styles->all_deps(Array)
#3 D:\Aarshit_Diploma\xmapp\htdocs\sanjivani\wp-includes\script-loader.php(2739): WP_Dependencies->do_items(Array)
#4 D:\Aarshit_Diploma\xmapp\htdocs\sanjivani\wp-includes\class-wp-hook.php(303): wp_add_iframed_editor_assets_html('')
#5 D:\Aarshit_Diploma\xmapp\htdocs\sanjivani\wp-includes\class-wp-hook.php(327): WP_Hook->apply_filters('', Array)
#6 D:\Aarshit_Diploma\xmapp\htdocs\sanjivani\wp-includes\plugin.php(470): WP_Hook->do_action(Array)
#7 D:\Aarshit_Diploma\xmapp\htdocs\sanjivani\wp-admin\admin-footer.php(105): do_action('admin_footer-po...')
#8 D:\Aarshit_Diploma\xmapp\htdocs\sanjivani\wp-admin\post.php(369): require_once('D:\\Aarshit_Dipl...')
#9 {main}
  thrown in D:\Aarshit_Diploma\xmapp\htdocs\sanjivani\wp-includes\class.wp-dependencies.php on line 166

2021-07-24T05:01:07+00:00 CRITICAL Uncaught TypeError: explode(): Argument #2 ($string) must be of type string, array given in D:\Aarshit_Diploma\xmapp\htdocs\sanjivani\wp-includes\class.wp-dependencies.php:166
Stack trace:
#0 D:\Aarshit_Diploma\xmapp\htdocs\sanjivani\wp-includes\class.wp-dependencies.php(166): explode('?', Array)
#1 D:\Aarshit_Diploma\xmapp\htdocs\sanjivani\wp-includes\class.wp-styles.php(371): WP_Dependencies->all_deps(Array, false, false)
#2 D:\Aarshit_Diploma\xmapp\htdocs\sanjivani\wp-includes\class.wp-dependencies.php(106): WP_Styles->all_deps(Array)
#3 D:\Aarshit_Diploma\xmapp\htdocs\sanjivani\wp-includes\script-loader.php(2739): WP_Dependencies->do_items(Array)
#4 D:\Aarshit_Diploma\xmapp\htdocs\sanjivani\wp-includes\class-wp-hook.php(303): wp_add_iframed_editor_assets_html('')
#5 D:\Aarshit_Diploma\xmapp\htdocs\sanjivani\wp-includes\class-wp-hook.php(327): WP_Hook->apply_filters('', Array)
#6 D:\Aarshit_Diploma\xmapp\htdocs\sanjivani\wp-includes\plugin.php(470): WP_Hook->do_action(Array)
#7 D:\Aarshit_Diploma\xmapp\htdocs\sanjivani\wp-admin\admin-footer.php(105): do_action('admin_footer-po...')
#8 D:\Aarshit_Diploma\xmapp\htdocs\sanjivani\wp-admin\post.php(369): require_once('D:\\Aarshit_Dipl...')
#9 {main}
  thrown in D:\Aarshit_Diploma\xmapp\htdocs\sanjivani\wp-includes\class.wp-dependencies.php on line 166

2021-07-24T05:22:02+00:00 CRITICAL Uncaught TypeError: explode(): Argument #2 ($string) must be of type string, array given in D:\Aarshit_Diploma\xmapp\htdocs\sanjivani\wp-includes\class.wp-dependencies.php:166
Stack trace:
#0 D:\Aarshit_Diploma\xmapp\htdocs\sanjivani\wp-includes\class.wp-dependencies.php(166): explode('?', Array)
#1 D:\Aarshit_Diploma\xmapp\htdocs\sanjivani\wp-includes\class.wp-styles.php(371): WP_Dependencies->all_deps(Array, false, false)
#2 D:\Aarshit_Diploma\xmapp\htdocs\sanjivani\wp-includes\class.wp-dependencies.php(106): WP_Styles->all_deps(Array)
#3 D:\Aarshit_Diploma\xmapp\htdocs\sanjivani\wp-includes\script-loader.php(2739): WP_Dependencies->do_items(Array)
#4 D:\Aarshit_Diploma\xmapp\htdocs\sanjivani\wp-includes\class-wp-hook.php(303): wp_add_iframed_editor_assets_html('')
#5 D:\Aarshit_Diploma\xmapp\htdocs\sanjivani\wp-includes\class-wp-hook.php(327): WP_Hook->apply_filters('', Array)
#6 D:\Aarshit_Diploma\xmapp\htdocs\sanjivani\wp-includes\plugin.php(470): WP_Hook->do_action(Array)
#7 D:\Aarshit_Diploma\xmapp\htdocs\sanjivani\wp-admin\admin-footer.php(105): do_action('admin_footer-po...')
#8 D:\Aarshit_Diploma\xmapp\htdocs\sanjivani\wp-admin\post.php(369): require_once('D:\\Aarshit_Dipl...')
#9 {main}
  thrown in D:\Aarshit_Diploma\xmapp\htdocs\sanjivani\wp-includes\class.wp-dependencies.php on line 166

2021-07-24T05:22:26+00:00 CRITICAL Uncaught TypeError: explode(): Argument #2 ($string) must be of type string, array given in D:\Aarshit_Diploma\xmapp\htdocs\sanjivani\wp-includes\class.wp-dependencies.php:166
Stack trace:
#0 D:\Aarshit_Diploma\xmapp\htdocs\sanjivani\wp-includes\class.wp-dependencies.php(166): explode('?', Array)
#1 D:\Aarshit_Diploma\xmapp\htdocs\sanjivani\wp-includes\class.wp-styles.php(371): WP_Dependencies->all_deps(Array, false, false)
#2 D:\Aarshit_Diploma\xmapp\htdocs\sanjivani\wp-includes\class.wp-dependencies.php(106): WP_Styles->all_deps(Array)
#3 D:\Aarshit_Diploma\xmapp\htdocs\sanjivani\wp-includes\script-loader.php(2739): WP_Dependencies->do_items(Array)
#4 D:\Aarshit_Diploma\xmapp\htdocs\sanjivani\wp-includes\class-wp-hook.php(303): wp_add_iframed_editor_assets_html('')
#5 D:\Aarshit_Diploma\xmapp\htdocs\sanjivani\wp-includes\class-wp-hook.php(327): WP_Hook->apply_filters('', Array)
#6 D:\Aarshit_Diploma\xmapp\htdocs\sanjivani\wp-includes\plugin.php(470): WP_Hook->do_action(Array)
#7 D:\Aarshit_Diploma\xmapp\htdocs\sanjivani\wp-admin\admin-footer.php(105): do_action('admin_footer-po...')
#8 D:\Aarshit_Diploma\xmapp\htdocs\sanjivani\wp-admin\post.php(369): require_once('D:\\Aarshit_Dipl...')
#9 {main}
  thrown in D:\Aarshit_Diploma\xmapp\htdocs\sanjivani\wp-includes\class.wp-dependencies.php on line 166

2021-07-24T17:11:52+00:00 CRITICAL Uncaught TypeError: explode(): Argument #2 ($string) must be of type string, array given in D:\Aarshit_Diploma\xmapp\htdocs\sanjivani\wp-includes\class.wp-dependencies.php:166
Stack trace:
#0 D:\Aarshit_Diploma\xmapp\htdocs\sanjivani\wp-includes\class.wp-dependencies.php(166): explode('?', Array)
#1 D:\Aarshit_Diploma\xmapp\htdocs\sanjivani\wp-includes\class.wp-styles.php(371): WP_Dependencies->all_deps(Array, false, false)
#2 D:\Aarshit_Diploma\xmapp\htdocs\sanjivani\wp-includes\class.wp-dependencies.php(106): WP_Styles->all_deps(Array)
#3 D:\Aarshit_Diploma\xmapp\htdocs\sanjivani\wp-includes\script-loader.php(2739): WP_Dependencies->do_items(Array)
#4 D:\Aarshit_Diploma\xmapp\htdocs\sanjivani\wp-includes\class-wp-hook.php(303): wp_add_iframed_editor_assets_html('')
#5 D:\Aarshit_Diploma\xmapp\htdocs\sanjivani\wp-includes\class-wp-hook.php(327): WP_Hook->apply_filters('', Array)
#6 D:\Aarshit_Diploma\xmapp\htdocs\sanjivani\wp-includes\plugin.php(470): WP_Hook->do_action(Array)
#7 D:\Aarshit_Diploma\xmapp\htdocs\sanjivani\wp-admin\admin-footer.php(105): do_action('admin_footer-po...')
#8 D:\Aarshit_Diploma\xmapp\htdocs\sanjivani\wp-admin\post.php(369): require_once('D:\\Aarshit_Dipl...')
#9 {main}
  thrown in D:\Aarshit_Diploma\xmapp\htdocs\sanjivani\wp-includes\class.wp-dependencies.php on line 166

2021-07-24T17:46:42+00:00 CRITICAL Uncaught TypeError: is_dir(): Argument #1 ($filename) must be of type string, WP_Error given in D:\Aarshit_Diploma\xmapp\htdocs\sanjivani\wp-content\plugins\elementor\core\files\uploads-manager.php:348
Stack trace:
#0 D:\Aarshit_Diploma\xmapp\htdocs\sanjivani\wp-content\plugins\elementor\core\files\uploads-manager.php(348): is_dir(Object(WP_Error))
#1 D:\Aarshit_Diploma\xmapp\htdocs\sanjivani\wp-content\plugins\elementor\includes\template-library\sources\local.php(825): Elementor\Core\Files\Uploads_Manager->remove_file_or_dir(Object(WP_Error))
#2 D:\Aarshit_Diploma\xmapp\htdocs\sanjivani\wp-content\plugins\elementor\includes\template-library\manager.php(446): Elementor\TemplateLibrary\Source_Local->import_template('contact-form-01...', 'D:\\Aarshit_Dipl...')
#3 D:\Aarshit_Diploma\xmapp\htdocs\sanjivani\wp-content\plugins\elementor\includes\template-library\manager.php(607): Elementor\TemplateLibrary\Manager->direct_import_template(Array)
#4 D:\Aarshit_Diploma\xmapp\htdocs\sanjivani\wp-includes\class-wp-hook.php(303): Elementor\TemplateLibrary\Manager->handle_direct_actions('')
#5 D:\Aarshit_Diploma\xmapp\htdocs\sanjivani\wp-includes\class-wp-hook.php(327): WP_Hook->apply_filters('', Array)
#6 D:\Aarshit_Diploma\xmapp\htdocs\sanjivani\wp-includes\plugin.php(470): WP_Hook->do_action(Array)
#7 D:\Aarshit_Diploma\xmapp\htdocs\sanjivani\wp-admin\admin-ajax.php(187): do_action('wp_ajax_element...')
#8 {main}
  thrown in D:\Aarshit_Diploma\xmapp\htdocs\sanjivani\wp-content\plugins\elementor\core\files\uploads-manager.php on line 348

2021-07-24T17:48:17+00:00 CRITICAL Uncaught TypeError: is_dir(): Argument #1 ($filename) must be of type string, WP_Error given in D:\Aarshit_Diploma\xmapp\htdocs\sanjivani\wp-content\plugins\elementor\core\files\uploads-manager.php:348
Stack trace:
#0 D:\Aarshit_Diploma\xmapp\htdocs\sanjivani\wp-content\plugins\elementor\core\files\uploads-manager.php(348): is_dir(Object(WP_Error))
#1 D:\Aarshit_Diploma\xmapp\htdocs\sanjivani\wp-content\plugins\elementor\includes\template-library\sources\local.php(825): Elementor\Core\Files\Uploads_Manager->remove_file_or_dir(Object(WP_Error))
#2 D:\Aarshit_Diploma\xmapp\htdocs\sanjivani\wp-content\plugins\elementor\includes\template-library\manager.php(446): Elementor\TemplateLibrary\Source_Local->import_template('contact-form-01...', 'D:\\Aarshit_Dipl...')
#3 D:\Aarshit_Diploma\xmapp\htdocs\sanjivani\wp-content\plugins\elementor\includes\template-library\manager.php(607): Elementor\TemplateLibrary\Manager->direct_import_template(Array)
#4 D:\Aarshit_Diploma\xmapp\htdocs\sanjivani\wp-includes\class-wp-hook.php(303): Elementor\TemplateLibrary\Manager->handle_direct_actions('')
#5 D:\Aarshit_Diploma\xmapp\htdocs\sanjivani\wp-includes\class-wp-hook.php(327): WP_Hook->apply_filters('', Array)
#6 D:\Aarshit_Diploma\xmapp\htdocs\sanjivani\wp-includes\plugin.php(470): WP_Hook->do_action(Array)
#7 D:\Aarshit_Diploma\xmapp\htdocs\sanjivani\wp-admin\admin-ajax.php(187): do_action('wp_ajax_element...')
#8 {main}
  thrown in D:\Aarshit_Diploma\xmapp\htdocs\sanjivani\wp-content\plugins\elementor\core\files\uploads-manager.php on line 348

2021-07-24T17:53:40+00:00 CRITICAL Uncaught TypeError: explode(): Argument #2 ($string) must be of type string, array given in D:\Aarshit_Diploma\xmapp\htdocs\sanjivani\wp-includes\class.wp-dependencies.php:166
Stack trace:
#0 D:\Aarshit_Diploma\xmapp\htdocs\sanjivani\wp-includes\class.wp-dependencies.php(166): explode('?', Array)
#1 D:\Aarshit_Diploma\xmapp\htdocs\sanjivani\wp-includes\class.wp-styles.php(371): WP_Dependencies->all_deps(Array, false, false)
#2 D:\Aarshit_Diploma\xmapp\htdocs\sanjivani\wp-includes\class.wp-dependencies.php(106): WP_Styles->all_deps(Array)
#3 D:\Aarshit_Diploma\xmapp\htdocs\sanjivani\wp-includes\script-loader.php(2739): WP_Dependencies->do_items(Array)
#4 D:\Aarshit_Diploma\xmapp\htdocs\sanjivani\wp-includes\class-wp-hook.php(303): wp_add_iframed_editor_assets_html('')
#5 D:\Aarshit_Diploma\xmapp\htdocs\sanjivani\wp-includes\class-wp-hook.php(327): WP_Hook->apply_filters('', Array)
#6 D:\Aarshit_Diploma\xmapp\htdocs\sanjivani\wp-includes\plugin.php(470): WP_Hook->do_action(Array)
#7 D:\Aarshit_Diploma\xmapp\htdocs\sanjivani\wp-admin\admin-footer.php(105): do_action('admin_footer-po...')
#8 D:\Aarshit_Diploma\xmapp\htdocs\sanjivani\wp-admin\post.php(369): require_once('D:\\Aarshit_Dipl...')
#9 {main}
  thrown in D:\Aarshit_Diploma\xmapp\htdocs\sanjivani\wp-includes\class.wp-dependencies.php on line 166

2021-07-24T17:58:58+00:00 CRITICAL Uncaught TypeError: explode(): Argument #2 ($string) must be of type string, array given in D:\Aarshit_Diploma\xmapp\htdocs\sanjivani\wp-includes\class.wp-dependencies.php:166
Stack trace:
#0 D:\Aarshit_Diploma\xmapp\htdocs\sanjivani\wp-includes\class.wp-dependencies.php(166): explode('?', Array)
#1 D:\Aarshit_Diploma\xmapp\htdocs\sanjivani\wp-includes\class.wp-styles.php(371): WP_Dependencies->all_deps(Array, false, false)
#2 D:\Aarshit_Diploma\xmapp\htdocs\sanjivani\wp-includes\class.wp-dependencies.php(106): WP_Styles->all_deps(Array)
#3 D:\Aarshit_Diploma\xmapp\htdocs\sanjivani\wp-includes\script-loader.php(2739): WP_Dependencies->do_items(Array)
#4 D:\Aarshit_Diploma\xmapp\htdocs\sanjivani\wp-includes\class-wp-hook.php(303): wp_add_iframed_editor_assets_html('')
#5 D:\Aarshit_Diploma\xmapp\htdocs\sanjivani\wp-includes\class-wp-hook.php(327): WP_Hook->apply_filters('', Array)
#6 D:\Aarshit_Diploma\xmapp\htdocs\sanjivani\wp-includes\plugin.php(470): WP_Hook->do_action(Array)
#7 D:\Aarshit_Diploma\xmapp\htdocs\sanjivani\wp-admin\admin-footer.php(105): do_action('admin_footer-po...')
#8 D:\Aarshit_Diploma\xmapp\htdocs\sanjivani\wp-admin\post.php(369): require_once('D:\\Aarshit_Dipl...')
#9 {main}
  thrown in D:\Aarshit_Diploma\xmapp\htdocs\sanjivani\wp-includes\class.wp-dependencies.php on line 166

2021-07-24T19:49:27+00:00 CRITICAL Uncaught TypeError: explode(): Argument #2 ($string) must be of type string, array given in D:\Aarshit_Diploma\xmapp\htdocs\sanjivani\wp-includes\class.wp-dependencies.php:166
Stack trace:
#0 D:\Aarshit_Diploma\xmapp\htdocs\sanjivani\wp-includes\class.wp-dependencies.php(166): explode('?', Array)
#1 D:\Aarshit_Diploma\xmapp\htdocs\sanjivani\wp-includes\class.wp-styles.php(371): WP_Dependencies->all_deps(Array, false, false)
#2 D:\Aarshit_Diploma\xmapp\htdocs\sanjivani\wp-includes\class.wp-dependencies.php(106): WP_Styles->all_deps(Array)
#3 D:\Aarshit_Diploma\xmapp\htdocs\sanjivani\wp-includes\script-loader.php(2739): WP_Dependencies->do_items(Array)
#4 D:\Aarshit_Diploma\xmapp\htdocs\sanjivani\wp-includes\class-wp-hook.php(303): wp_add_iframed_editor_assets_html('')
#5 D:\Aarshit_Diploma\xmapp\htdocs\sanjivani\wp-includes\class-wp-hook.php(327): WP_Hook->apply_filters('', Array)
#6 D:\Aarshit_Diploma\xmapp\htdocs\sanjivani\wp-includes\plugin.php(470): WP_Hook->do_action(Array)
#7 D:\Aarshit_Diploma\xmapp\htdocs\sanjivani\wp-admin\admin-footer.php(105): do_action('admin_footer-po...')
#8 D:\Aarshit_Diploma\xmapp\htdocs\sanjivani\wp-admin\post.php(369): require_once('D:\\Aarshit_Dipl...')
#9 {main}
  thrown in D:\Aarshit_Diploma\xmapp\htdocs\sanjivani\wp-includes\class.wp-dependencies.php on line 166

2021-07-24T20:45:22+00:00 CRITICAL Uncaught TypeError: explode(): Argument #2 ($string) must be of type string, array given in D:\Aarshit_Diploma\xmapp\htdocs\sanjivani\wp-includes\class.wp-dependencies.php:166
Stack trace:
#0 D:\Aarshit_Diploma\xmapp\htdocs\sanjivani\wp-includes\class.wp-dependencies.php(166): explode('?', Array)
#1 D:\Aarshit_Diploma\xmapp\htdocs\sanjivani\wp-includes\class.wp-styles.php(371): WP_Dependencies->all_deps(Array, false, false)
#2 D:\Aarshit_Diploma\xmapp\htdocs\sanjivani\wp-includes\class.wp-dependencies.php(106): WP_Styles->all_deps(Array)
#3 D:\Aarshit_Diploma\xmapp\htdocs\sanjivani\wp-includes\script-loader.php(2739): WP_Dependencies->do_items(Array)
#4 D:\Aarshit_Diploma\xmapp\htdocs\sanjivani\wp-includes\class-wp-hook.php(303): wp_add_iframed_editor_assets_html('')
#5 D:\Aarshit_Diploma\xmapp\htdocs\sanjivani\wp-includes\class-wp-hook.php(327): WP_Hook->apply_filters('', Array)
#6 D:\Aarshit_Diploma\xmapp\htdocs\sanjivani\wp-includes\plugin.php(470): WP_Hook->do_action(Array)
#7 D:\Aarshit_Diploma\xmapp\htdocs\sanjivani\wp-admin\admin-footer.php(105): do_action('admin_footer-po...')
#8 D:\Aarshit_Diploma\xmapp\htdocs\sanjivani\wp-admin\post.php(369): require_once('D:\\Aarshit_Dipl...')
#9 {main}
  thrown in D:\Aarshit_Diploma\xmapp\htdocs\sanjivani\wp-includes\class.wp-dependencies.php on line 166

2021-07-24T20:58:39+00:00 CRITICAL Uncaught TypeError: explode(): Argument #2 ($string) must be of type string, array given in D:\Aarshit_Diploma\xmapp\htdocs\sanjivani\wp-includes\class.wp-dependencies.php:166
Stack trace:
#0 D:\Aarshit_Diploma\xmapp\htdocs\sanjivani\wp-includes\class.wp-dependencies.php(166): explode('?', Array)
#1 D:\Aarshit_Diploma\xmapp\htdocs\sanjivani\wp-includes\class.wp-styles.php(371): WP_Dependencies->all_deps(Array, false, false)
#2 D:\Aarshit_Diploma\xmapp\htdocs\sanjivani\wp-includes\class.wp-dependencies.php(106): WP_Styles->all_deps(Array)
#3 D:\Aarshit_Diploma\xmapp\htdocs\sanjivani\wp-includes\script-loader.php(2739): WP_Dependencies->do_items(Array)
#4 D:\Aarshit_Diploma\xmapp\htdocs\sanjivani\wp-includes\class-wp-hook.php(303): wp_add_iframed_editor_assets_html('')
#5 D:\Aarshit_Diploma\xmapp\htdocs\sanjivani\wp-includes\class-wp-hook.php(327): WP_Hook->apply_filters('', Array)
#6 D:\Aarshit_Diploma\xmapp\htdocs\sanjivani\wp-includes\plugin.php(470): WP_Hook->do_action(Array)
#7 D:\Aarshit_Diploma\xmapp\htdocs\sanjivani\wp-admin\admin-footer.php(105): do_action('admin_footer-po...')
#8 D:\Aarshit_Diploma\xmapp\htdocs\sanjivani\wp-admin\post-new.php(83): require_once('D:\\Aarshit_Dipl...')
#9 {main}
  thrown in D:\Aarshit_Diploma\xmapp\htdocs\sanjivani\wp-includes\class.wp-dependencies.php on line 166

2021-07-24T21:03:21+00:00 CRITICAL Uncaught TypeError: explode(): Argument #2 ($string) must be of type string, array given in D:\Aarshit_Diploma\xmapp\htdocs\sanjivani\wp-includes\class.wp-dependencies.php:166
Stack trace:
#0 D:\Aarshit_Diploma\xmapp\htdocs\sanjivani\wp-includes\class.wp-dependencies.php(166): explode('?', Array)
#1 D:\Aarshit_Diploma\xmapp\htdocs\sanjivani\wp-includes\class.wp-styles.php(371): WP_Dependencies->all_deps(Array, false, false)
#2 D:\Aarshit_Diploma\xmapp\htdocs\sanjivani\wp-includes\class.wp-dependencies.php(106): WP_Styles->all_deps(Array)
#3 D:\Aarshit_Diploma\xmapp\htdocs\sanjivani\wp-includes\script-loader.php(2739): WP_Dependencies->do_items(Array)
#4 D:\Aarshit_Diploma\xmapp\htdocs\sanjivani\wp-includes\class-wp-hook.php(303): wp_add_iframed_editor_assets_html('')
#5 D:\Aarshit_Diploma\xmapp\htdocs\sanjivani\wp-includes\class-wp-hook.php(327): WP_Hook->apply_filters('', Array)
#6 D:\Aarshit_Diploma\xmapp\htdocs\sanjivani\wp-includes\plugin.php(470): WP_Hook->do_action(Array)
#7 D:\Aarshit_Diploma\xmapp\htdocs\sanjivani\wp-admin\admin-footer.php(105): do_action('admin_footer-po...')
#8 D:\Aarshit_Diploma\xmapp\htdocs\sanjivani\wp-admin\post.php(369): require_once('D:\\Aarshit_Dipl...')
#9 {main}
  thrown in D:\Aarshit_Diploma\xmapp\htdocs\sanjivani\wp-includes\class.wp-dependencies.php on line 166

2021-07-24T21:09:22+00:00 CRITICAL Uncaught TypeError: explode(): Argument #2 ($string) must be of type string, array given in D:\Aarshit_Diploma\xmapp\htdocs\sanjivani\wp-includes\class.wp-dependencies.php:166
Stack trace:
#0 D:\Aarshit_Diploma\xmapp\htdocs\sanjivani\wp-includes\class.wp-dependencies.php(166): explode('?', Array)
#1 D:\Aarshit_Diploma\xmapp\htdocs\sanjivani\wp-includes\class.wp-styles.php(371): WP_Dependencies->all_deps(Array, false, false)
#2 D:\Aarshit_Diploma\xmapp\htdocs\sanjivani\wp-includes\class.wp-dependencies.php(106): WP_Styles->all_deps(Array)
#3 D:\Aarshit_Diploma\xmapp\htdocs\sanjivani\wp-includes\script-loader.php(2739): WP_Dependencies->do_items(Array)
#4 D:\Aarshit_Diploma\xmapp\htdocs\sanjivani\wp-includes\class-wp-hook.php(303): wp_add_iframed_editor_assets_html('')
#5 D:\Aarshit_Diploma\xmapp\htdocs\sanjivani\wp-includes\class-wp-hook.php(327): WP_Hook->apply_filters('', Array)
#6 D:\Aarshit_Diploma\xmapp\htdocs\sanjivani\wp-includes\plugin.php(470): WP_Hook->do_action(Array)
#7 D:\Aarshit_Diploma\xmapp\htdocs\sanjivani\wp-admin\admin-footer.php(105): do_action('admin_footer-po...')
#8 D:\Aarshit_Diploma\xmapp\htdocs\sanjivani\wp-admin\post.php(369): require_once('D:\\Aarshit_Dipl...')
#9 {main}
  thrown in D:\Aarshit_Diploma\xmapp\htdocs\sanjivani\wp-includes\class.wp-dependencies.php on line 166

2021-07-24T21:16:25+00:00 CRITICAL Uncaught TypeError: explode(): Argument #2 ($string) must be of type string, array given in D:\Aarshit_Diploma\xmapp\htdocs\sanjivani\wp-includes\class.wp-dependencies.php:166
Stack trace:
#0 D:\Aarshit_Diploma\xmapp\htdocs\sanjivani\wp-includes\class.wp-dependencies.php(166): explode('?', Array)
#1 D:\Aarshit_Diploma\xmapp\htdocs\sanjivani\wp-includes\class.wp-styles.php(371): WP_Dependencies->all_deps(Array, false, false)
#2 D:\Aarshit_Diploma\xmapp\htdocs\sanjivani\wp-includes\class.wp-dependencies.php(106): WP_Styles->all_deps(Array)
#3 D:\Aarshit_Diploma\xmapp\htdocs\sanjivani\wp-includes\script-loader.php(2739): WP_Dependencies->do_items(Array)
#4 D:\Aarshit_Diploma\xmapp\htdocs\sanjivani\wp-includes\class-wp-hook.php(303): wp_add_iframed_editor_assets_html('')
#5 D:\Aarshit_Diploma\xmapp\htdocs\sanjivani\wp-includes\class-wp-hook.php(327): WP_Hook->apply_filters('', Array)
#6 D:\Aarshit_Diploma\xmapp\htdocs\sanjivani\wp-includes\plugin.php(470): WP_Hook->do_action(Array)
#7 D:\Aarshit_Diploma\xmapp\htdocs\sanjivani\wp-admin\admin-footer.php(105): do_action('admin_footer-po...')
#8 D:\Aarshit_Diploma\xmapp\htdocs\sanjivani\wp-admin\post-new.php(83): require_once('D:\\Aarshit_Dipl...')
#9 {main}
  thrown in D:\Aarshit_Diploma\xmapp\htdocs\sanjivani\wp-includes\class.wp-dependencies.php on line 166

2021-07-24T21:22:00+00:00 CRITICAL Uncaught TypeError: explode(): Argument #2 ($string) must be of type string, array given in D:\Aarshit_Diploma\xmapp\htdocs\sanjivani\wp-includes\class.wp-dependencies.php:166
Stack trace:
#0 D:\Aarshit_Diploma\xmapp\htdocs\sanjivani\wp-includes\class.wp-dependencies.php(166): explode('?', Array)
#1 D:\Aarshit_Diploma\xmapp\htdocs\sanjivani\wp-includes\class.wp-styles.php(371): WP_Dependencies->all_deps(Array, false, false)
#2 D:\Aarshit_Diploma\xmapp\htdocs\sanjivani\wp-includes\class.wp-dependencies.php(106): WP_Styles->all_deps(Array)
#3 D:\Aarshit_Diploma\xmapp\htdocs\sanjivani\wp-includes\script-loader.php(2739): WP_Dependencies->do_items(Array)
#4 D:\Aarshit_Diploma\xmapp\htdocs\sanjivani\wp-includes\class-wp-hook.php(303): wp_add_iframed_editor_assets_html('')
#5 D:\Aarshit_Diploma\xmapp\htdocs\sanjivani\wp-includes\class-wp-hook.php(327): WP_Hook->apply_filters('', Array)
#6 D:\Aarshit_Diploma\xmapp\htdocs\sanjivani\wp-includes\plugin.php(470): WP_Hook->do_action(Array)
#7 D:\Aarshit_Diploma\xmapp\htdocs\sanjivani\wp-admin\admin-footer.php(105): do_action('admin_footer-po...')
#8 D:\Aarshit_Diploma\xmapp\htdocs\sanjivani\wp-admin\post.php(369): require_once('D:\\Aarshit_Dipl...')
#9 {main}
  thrown in D:\Aarshit_Diploma\xmapp\htdocs\sanjivani\wp-includes\class.wp-dependencies.php on line 166

2021-07-24T21:36:56+00:00 CRITICAL Uncaught TypeError: explode(): Argument #2 ($string) must be of type string, array given in D:\Aarshit_Diploma\xmapp\htdocs\sanjivani\wp-includes\class.wp-dependencies.php:166
Stack trace:
#0 D:\Aarshit_Diploma\xmapp\htdocs\sanjivani\wp-includes\class.wp-dependencies.php(166): explode('?', Array)
#1 D:\Aarshit_Diploma\xmapp\htdocs\sanjivani\wp-includes\class.wp-styles.php(371): WP_Dependencies->all_deps(Array, false, false)
#2 D:\Aarshit_Diploma\xmapp\htdocs\sanjivani\wp-includes\class.wp-dependencies.php(106): WP_Styles->all_deps(Array)
#3 D:\Aarshit_Diploma\xmapp\htdocs\sanjivani\wp-includes\script-loader.php(2739): WP_Dependencies->do_items(Array)
#4 D:\Aarshit_Diploma\xmapp\htdocs\sanjivani\wp-includes\class-wp-hook.php(303): wp_add_iframed_editor_assets_html('')
#5 D:\Aarshit_Diploma\xmapp\htdocs\sanjivani\wp-includes\class-wp-hook.php(327): WP_Hook->apply_filters('', Array)
#6 D:\Aarshit_Diploma\xmapp\htdocs\sanjivani\wp-includes\plugin.php(470): WP_Hook->do_action(Array)
#7 D:\Aarshit_Diploma\xmapp\htdocs\sanjivani\wp-admin\admin-footer.php(105): do_action('admin_footer-po...')
#8 D:\Aarshit_Diploma\xmapp\htdocs\sanjivani\wp-admin\post.php(369): require_once('D:\\Aarshit_Dipl...')
#9 {main}
  thrown in D:\Aarshit_Diploma\xmapp\htdocs\sanjivani\wp-includes\class.wp-dependencies.php on line 166

2021-07-24T21:37:43+00:00 CRITICAL Uncaught TypeError: explode(): Argument #2 ($string) must be of type string, array given in D:\Aarshit_Diploma\xmapp\htdocs\sanjivani\wp-includes\class.wp-dependencies.php:166
Stack trace:
#0 D:\Aarshit_Diploma\xmapp\htdocs\sanjivani\wp-includes\class.wp-dependencies.php(166): explode('?', Array)
#1 D:\Aarshit_Diploma\xmapp\htdocs\sanjivani\wp-includes\class.wp-styles.php(371): WP_Dependencies->all_deps(Array, false, false)
#2 D:\Aarshit_Diploma\xmapp\htdocs\sanjivani\wp-includes\class.wp-dependencies.php(106): WP_Styles->all_deps(Array)
#3 D:\Aarshit_Diploma\xmapp\htdocs\sanjivani\wp-includes\script-loader.php(2739): WP_Dependencies->do_items(Array)
#4 D:\Aarshit_Diploma\xmapp\htdocs\sanjivani\wp-includes\class-wp-hook.php(303): wp_add_iframed_editor_assets_html('')
#5 D:\Aarshit_Diploma\xmapp\htdocs\sanjivani\wp-includes\class-wp-hook.php(327): WP_Hook->apply_filters('', Array)
#6 D:\Aarshit_Diploma\xmapp\htdocs\sanjivani\wp-includes\plugin.php(470): WP_Hook->do_action(Array)
#7 D:\Aarshit_Diploma\xmapp\htdocs\sanjivani\wp-admin\admin-footer.php(105): do_action('admin_footer-po...')
#8 D:\Aarshit_Diploma\xmapp\htdocs\sanjivani\wp-admin\post.php(369): require_once('D:\\Aarshit_Dipl...')
#9 {main}
  thrown in D:\Aarshit_Diploma\xmapp\htdocs\sanjivani\wp-includes\class.wp-dependencies.php on line 166

2021-07-24T21:38:25+00:00 CRITICAL Uncaught TypeError: explode(): Argument #2 ($string) must be of type string, array given in D:\Aarshit_Diploma\xmapp\htdocs\sanjivani\wp-includes\class.wp-dependencies.php:166
Stack trace:
#0 D:\Aarshit_Diploma\xmapp\htdocs\sanjivani\wp-includes\class.wp-dependencies.php(166): explode('?', Array)
#1 D:\Aarshit_Diploma\xmapp\htdocs\sanjivani\wp-includes\class.wp-styles.php(371): WP_Dependencies->all_deps(Array, false, false)
#2 D:\Aarshit_Diploma\xmapp\htdocs\sanjivani\wp-includes\class.wp-dependencies.php(106): WP_Styles->all_deps(Array)
#3 D:\Aarshit_Diploma\xmapp\htdocs\sanjivani\wp-includes\script-loader.php(2739): WP_Dependencies->do_items(Array)
#4 D:\Aarshit_Diploma\xmapp\htdocs\sanjivani\wp-includes\class-wp-hook.php(303): wp_add_iframed_editor_assets_html('')
#5 D:\Aarshit_Diploma\xmapp\htdocs\sanjivani\wp-includes\class-wp-hook.php(327): WP_Hook->apply_filters('', Array)
#6 D:\Aarshit_Diploma\xmapp\htdocs\sanjivani\wp-includes\plugin.php(470): WP_Hook->do_action(Array)
#7 D:\Aarshit_Diploma\xmapp\htdocs\sanjivani\wp-admin\admin-footer.php(105): do_action('admin_footer-po...')
#8 D:\Aarshit_Diploma\xmapp\htdocs\sanjivani\wp-admin\post.php(369): require_once('D:\\Aarshit_Dipl...')
#9 {main}
  thrown in D:\Aarshit_Diploma\xmapp\htdocs\sanjivani\wp-includes\class.wp-dependencies.php on line 166

2021-07-24T21:38:53+00:00 CRITICAL Uncaught TypeError: explode(): Argument #2 ($string) must be of type string, array given in D:\Aarshit_Diploma\xmapp\htdocs\sanjivani\wp-includes\class.wp-dependencies.php:166
Stack trace:
#0 D:\Aarshit_Diploma\xmapp\htdocs\sanjivani\wp-includes\class.wp-dependencies.php(166): explode('?', Array)
#1 D:\Aarshit_Diploma\xmapp\htdocs\sanjivani\wp-includes\class.wp-styles.php(371): WP_Dependencies->all_deps(Array, false, false)
#2 D:\Aarshit_Diploma\xmapp\htdocs\sanjivani\wp-includes\class.wp-dependencies.php(106): WP_Styles->all_deps(Array)
#3 D:\Aarshit_Diploma\xmapp\htdocs\sanjivani\wp-includes\script-loader.php(2739): WP_Dependencies->do_items(Array)
#4 D:\Aarshit_Diploma\xmapp\htdocs\sanjivani\wp-includes\class-wp-hook.php(303): wp_add_iframed_editor_assets_html('')
#5 D:\Aarshit_Diploma\xmapp\htdocs\sanjivani\wp-includes\class-wp-hook.php(327): WP_Hook->apply_filters('', Array)
#6 D:\Aarshit_Diploma\xmapp\htdocs\sanjivani\wp-includes\plugin.php(470): WP_Hook->do_action(Array)
#7 D:\Aarshit_Diploma\xmapp\htdocs\sanjivani\wp-admin\admin-footer.php(105): do_action('admin_footer-po...')
#8 D:\Aarshit_Diploma\xmapp\htdocs\sanjivani\wp-admin\post.php(369): require_once('D:\\Aarshit_Dipl...')
#9 {main}
  thrown in D:\Aarshit_Diploma\xmapp\htdocs\sanjivani\wp-includes\class.wp-dependencies.php on line 166

2021-07-24T21:39:55+00:00 CRITICAL Uncaught TypeError: explode(): Argument #2 ($string) must be of type string, array given in D:\Aarshit_Diploma\xmapp\htdocs\sanjivani\wp-includes\class.wp-dependencies.php:166
Stack trace:
#0 D:\Aarshit_Diploma\xmapp\htdocs\sanjivani\wp-includes\class.wp-dependencies.php(166): explode('?', Array)
#1 D:\Aarshit_Diploma\xmapp\htdocs\sanjivani\wp-includes\class.wp-styles.php(371): WP_Dependencies->all_deps(Array, false, false)
#2 D:\Aarshit_Diploma\xmapp\htdocs\sanjivani\wp-includes\class.wp-dependencies.php(106): WP_Styles->all_deps(Array)
#3 D:\Aarshit_Diploma\xmapp\htdocs\sanjivani\wp-includes\script-loader.php(2739): WP_Dependencies->do_items(Array)
#4 D:\Aarshit_Diploma\xmapp\htdocs\sanjivani\wp-includes\class-wp-hook.php(303): wp_add_iframed_editor_assets_html('')
#5 D:\Aarshit_Diploma\xmapp\htdocs\sanjivani\wp-includes\class-wp-hook.php(327): WP_Hook->apply_filters('', Array)
#6 D:\Aarshit_Diploma\xmapp\htdocs\sanjivani\wp-includes\plugin.php(470): WP_Hook->do_action(Array)
#7 D:\Aarshit_Diploma\xmapp\htdocs\sanjivani\wp-admin\admin-footer.php(105): do_action('admin_footer-po...')
#8 D:\Aarshit_Diploma\xmapp\htdocs\sanjivani\wp-admin\post.php(369): require_once('D:\\Aarshit_Dipl...')
#9 {main}
  thrown in D:\Aarshit_Diploma\xmapp\htdocs\sanjivani\wp-includes\class.wp-dependencies.php on line 166

2021-07-24T21:40:12+00:00 CRITICAL Uncaught TypeError: explode(): Argument #2 ($string) must be of type string, array given in D:\Aarshit_Diploma\xmapp\htdocs\sanjivani\wp-includes\class.wp-dependencies.php:166
Stack trace:
#0 D:\Aarshit_Diploma\xmapp\htdocs\sanjivani\wp-includes\class.wp-dependencies.php(166): explode('?', Array)
#1 D:\Aarshit_Diploma\xmapp\htdocs\sanjivani\wp-includes\class.wp-styles.php(371): WP_Dependencies->all_deps(Array, false, false)
#2 D:\Aarshit_Diploma\xmapp\htdocs\sanjivani\wp-includes\class.wp-dependencies.php(106): WP_Styles->all_deps(Array)
#3 D:\Aarshit_Diploma\xmapp\htdocs\sanjivani\wp-includes\script-loader.php(2739): WP_Dependencies->do_items(Array)
#4 D:\Aarshit_Diploma\xmapp\htdocs\sanjivani\wp-includes\class-wp-hook.php(303): wp_add_iframed_editor_assets_html('')
#5 D:\Aarshit_Diploma\xmapp\htdocs\sanjivani\wp-includes\class-wp-hook.php(327): WP_Hook->apply_filters('', Array)
#6 D:\Aarshit_Diploma\xmapp\htdocs\sanjivani\wp-includes\plugin.php(470): WP_Hook->do_action(Array)
#7 D:\Aarshit_Diploma\xmapp\htdocs\sanjivani\wp-admin\admin-footer.php(105): do_action('admin_footer-po...')
#8 D:\Aarshit_Diploma\xmapp\htdocs\sanjivani\wp-admin\post.php(369): require_once('D:\\Aarshit_Dipl...')
#9 {main}
  thrown in D:\Aarshit_Diploma\xmapp\htdocs\sanjivani\wp-includes\class.wp-dependencies.php on line 166

2021-07-24T21:54:10+00:00 CRITICAL Uncaught TypeError: explode(): Argument #2 ($string) must be of type string, array given in D:\Aarshit_Diploma\xmapp\htdocs\sanjivani\wp-includes\class.wp-dependencies.php:166
Stack trace:
#0 D:\Aarshit_Diploma\xmapp\htdocs\sanjivani\wp-includes\class.wp-dependencies.php(166): explode('?', Array)
#1 D:\Aarshit_Diploma\xmapp\htdocs\sanjivani\wp-includes\class.wp-styles.php(371): WP_Dependencies->all_deps(Array, false, false)
#2 D:\Aarshit_Diploma\xmapp\htdocs\sanjivani\wp-includes\class.wp-dependencies.php(106): WP_Styles->all_deps(Array)
#3 D:\Aarshit_Diploma\xmapp\htdocs\sanjivani\wp-includes\script-loader.php(2739): WP_Dependencies->do_items(Array)
#4 D:\Aarshit_Diploma\xmapp\htdocs\sanjivani\wp-includes\class-wp-hook.php(303): wp_add_iframed_editor_assets_html('')
#5 D:\Aarshit_Diploma\xmapp\htdocs\sanjivani\wp-includes\class-wp-hook.php(327): WP_Hook->apply_filters('', Array)
#6 D:\Aarshit_Diploma\xmapp\htdocs\sanjivani\wp-includes\plugin.php(470): WP_Hook->do_action(Array)
#7 D:\Aarshit_Diploma\xmapp\htdocs\sanjivani\wp-admin\admin-footer.php(105): do_action('admin_footer-po...')
#8 D:\Aarshit_Diploma\xmapp\htdocs\sanjivani\wp-admin\post.php(369): require_once('D:\\Aarshit_Dipl...')
#9 {main}
  thrown in D:\Aarshit_Diploma\xmapp\htdocs\sanjivani\wp-includes\class.wp-dependencies.php on line 166

2021-07-24T21:54:53+00:00 CRITICAL Uncaught TypeError: explode(): Argument #2 ($string) must be of type string, array given in D:\Aarshit_Diploma\xmapp\htdocs\sanjivani\wp-includes\class.wp-dependencies.php:166
Stack trace:
#0 D:\Aarshit_Diploma\xmapp\htdocs\sanjivani\wp-includes\class.wp-dependencies.php(166): explode('?', Array)
#1 D:\Aarshit_Diploma\xmapp\htdocs\sanjivani\wp-includes\class.wp-styles.php(371): WP_Dependencies->all_deps(Array, false, false)
#2 D:\Aarshit_Diploma\xmapp\htdocs\sanjivani\wp-includes\class.wp-dependencies.php(106): WP_Styles->all_deps(Array)
#3 D:\Aarshit_Diploma\xmapp\htdocs\sanjivani\wp-includes\script-loader.php(2739): WP_Dependencies->do_items(Array)
#4 D:\Aarshit_Diploma\xmapp\htdocs\sanjivani\wp-includes\class-wp-hook.php(303): wp_add_iframed_editor_assets_html('')
#5 D:\Aarshit_Diploma\xmapp\htdocs\sanjivani\wp-includes\class-wp-hook.php(327): WP_Hook->apply_filters('', Array)
#6 D:\Aarshit_Diploma\xmapp\htdocs\sanjivani\wp-includes\plugin.php(470): WP_Hook->do_action(Array)
#7 D:\Aarshit_Diploma\xmapp\htdocs\sanjivani\wp-admin\admin-footer.php(105): do_action('admin_footer-po...')
#8 D:\Aarshit_Diploma\xmapp\htdocs\sanjivani\wp-admin\post.php(369): require_once('D:\\Aarshit_Dipl...')
#9 {main}
  thrown in D:\Aarshit_Diploma\xmapp\htdocs\sanjivani\wp-includes\class.wp-dependencies.php on line 166

2021-07-24T21:56:25+00:00 CRITICAL Uncaught TypeError: explode(): Argument #2 ($string) must be of type string, array given in D:\Aarshit_Diploma\xmapp\htdocs\sanjivani\wp-includes\class.wp-dependencies.php:166
Stack trace:
#0 D:\Aarshit_Diploma\xmapp\htdocs\sanjivani\wp-includes\class.wp-dependencies.php(166): explode('?', Array)
#1 D:\Aarshit_Diploma\xmapp\htdocs\sanjivani\wp-includes\class.wp-styles.php(371): WP_Dependencies->all_deps(Array, false, false)
#2 D:\Aarshit_Diploma\xmapp\htdocs\sanjivani\wp-includes\class.wp-dependencies.php(106): WP_Styles->all_deps(Array)
#3 D:\Aarshit_Diploma\xmapp\htdocs\sanjivani\wp-includes\script-loader.php(2739): WP_Dependencies->do_items(Array)
#4 D:\Aarshit_Diploma\xmapp\htdocs\sanjivani\wp-includes\class-wp-hook.php(303): wp_add_iframed_editor_assets_html('')
#5 D:\Aarshit_Diploma\xmapp\htdocs\sanjivani\wp-includes\class-wp-hook.php(327): WP_Hook->apply_filters('', Array)
#6 D:\Aarshit_Diploma\xmapp\htdocs\sanjivani\wp-includes\plugin.php(470): WP_Hook->do_action(Array)
#7 D:\Aarshit_Diploma\xmapp\htdocs\sanjivani\wp-admin\admin-footer.php(105): do_action('admin_footer-po...')
#8 D:\Aarshit_Diploma\xmapp\htdocs\sanjivani\wp-admin\post.php(369): require_once('D:\\Aarshit_Dipl...')
#9 {main}
  thrown in D:\Aarshit_Diploma\xmapp\htdocs\sanjivani\wp-includes\class.wp-dependencies.php on line 166

2021-07-24T22:07:14+00:00 CRITICAL Uncaught TypeError: explode(): Argument #2 ($string) must be of type string, array given in D:\Aarshit_Diploma\xmapp\htdocs\sanjivani\wp-includes\class.wp-dependencies.php:166
Stack trace:
#0 D:\Aarshit_Diploma\xmapp\htdocs\sanjivani\wp-includes\class.wp-dependencies.php(166): explode('?', Array)
#1 D:\Aarshit_Diploma\xmapp\htdocs\sanjivani\wp-includes\class.wp-styles.php(371): WP_Dependencies->all_deps(Array, false, false)
#2 D:\Aarshit_Diploma\xmapp\htdocs\sanjivani\wp-includes\class.wp-dependencies.php(106): WP_Styles->all_deps(Array)
#3 D:\Aarshit_Diploma\xmapp\htdocs\sanjivani\wp-includes\script-loader.php(2739): WP_Dependencies->do_items(Array)
#4 D:\Aarshit_Diploma\xmapp\htdocs\sanjivani\wp-includes\class-wp-hook.php(303): wp_add_iframed_editor_assets_html('')
#5 D:\Aarshit_Diploma\xmapp\htdocs\sanjivani\wp-includes\class-wp-hook.php(327): WP_Hook->apply_filters('', Array)
#6 D:\Aarshit_Diploma\xmapp\htdocs\sanjivani\wp-includes\plugin.php(470): WP_Hook->do_action(Array)
#7 D:\Aarshit_Diploma\xmapp\htdocs\sanjivani\wp-admin\admin-footer.php(105): do_action('admin_footer-po...')
#8 D:\Aarshit_Diploma\xmapp\htdocs\sanjivani\wp-admin\post-new.php(83): require_once('D:\\Aarshit_Dipl...')
#9 {main}
  thrown in D:\Aarshit_Diploma\xmapp\htdocs\sanjivani\wp-includes\class.wp-dependencies.php on line 166

2021-07-24T22:14:11+00:00 CRITICAL Uncaught TypeError: explode(): Argument #2 ($string) must be of type string, array given in D:\Aarshit_Diploma\xmapp\htdocs\sanjivani\wp-includes\class.wp-dependencies.php:166
Stack trace:
#0 D:\Aarshit_Diploma\xmapp\htdocs\sanjivani\wp-includes\class.wp-dependencies.php(166): explode('?', Array)
#1 D:\Aarshit_Diploma\xmapp\htdocs\sanjivani\wp-includes\class.wp-styles.php(371): WP_Dependencies->all_deps(Array, false, false)
#2 D:\Aarshit_Diploma\xmapp\htdocs\sanjivani\wp-includes\class.wp-dependencies.php(106): WP_Styles->all_deps(Array)
#3 D:\Aarshit_Diploma\xmapp\htdocs\sanjivani\wp-includes\script-loader.php(2739): WP_Dependencies->do_items(Array)
#4 D:\Aarshit_Diploma\xmapp\htdocs\sanjivani\wp-includes\class-wp-hook.php(303): wp_add_iframed_editor_assets_html('')
#5 D:\Aarshit_Diploma\xmapp\htdocs\sanjivani\wp-includes\class-wp-hook.php(327): WP_Hook->apply_filters('', Array)
#6 D:\Aarshit_Diploma\xmapp\htdocs\sanjivani\wp-includes\plugin.php(470): WP_Hook->do_action(Array)
#7 D:\Aarshit_Diploma\xmapp\htdocs\sanjivani\wp-admin\admin-footer.php(105): do_action('admin_footer-po...')
#8 D:\Aarshit_Diploma\xmapp\htdocs\sanjivani\wp-admin\post-new.php(83): require_once('D:\\Aarshit_Dipl...')
#9 {main}
  thrown in D:\Aarshit_Diploma\xmapp\htdocs\sanjivani\wp-includes\class.wp-dependencies.php on line 166

2021-07-24T22:14:50+00:00 CRITICAL Uncaught TypeError: explode(): Argument #2 ($string) must be of type string, array given in D:\Aarshit_Diploma\xmapp\htdocs\sanjivani\wp-includes\class.wp-dependencies.php:166
Stack trace:
#0 D:\Aarshit_Diploma\xmapp\htdocs\sanjivani\wp-includes\class.wp-dependencies.php(166): explode('?', Array)
#1 D:\Aarshit_Diploma\xmapp\htdocs\sanjivani\wp-includes\class.wp-styles.php(371): WP_Dependencies->all_deps(Array, false, false)
#2 D:\Aarshit_Diploma\xmapp\htdocs\sanjivani\wp-includes\class.wp-dependencies.php(106): WP_Styles->all_deps(Array)
#3 D:\Aarshit_Diploma\xmapp\htdocs\sanjivani\wp-includes\script-loader.php(2739): WP_Dependencies->do_items(Array)
#4 D:\Aarshit_Diploma\xmapp\htdocs\sanjivani\wp-includes\class-wp-hook.php(303): wp_add_iframed_editor_assets_html('')
#5 D:\Aarshit_Diploma\xmapp\htdocs\sanjivani\wp-includes\class-wp-hook.php(327): WP_Hook->apply_filters('', Array)
#6 D:\Aarshit_Diploma\xmapp\htdocs\sanjivani\wp-includes\plugin.php(470): WP_Hook->do_action(Array)
#7 D:\Aarshit_Diploma\xmapp\htdocs\sanjivani\wp-admin\admin-footer.php(105): do_action('admin_footer-po...')
#8 D:\Aarshit_Diploma\xmapp\htdocs\sanjivani\wp-admin\post.php(369): require_once('D:\\Aarshit_Dipl...')
#9 {main}
  thrown in D:\Aarshit_Diploma\xmapp\htdocs\sanjivani\wp-includes\class.wp-dependencies.php on line 166

2021-07-24T22:15:22+00:00 CRITICAL Uncaught TypeError: explode(): Argument #2 ($string) must be of type string, array given in D:\Aarshit_Diploma\xmapp\htdocs\sanjivani\wp-includes\class.wp-dependencies.php:166
Stack trace:
#0 D:\Aarshit_Diploma\xmapp\htdocs\sanjivani\wp-includes\class.wp-dependencies.php(166): explode('?', Array)
#1 D:\Aarshit_Diploma\xmapp\htdocs\sanjivani\wp-includes\class.wp-styles.php(371): WP_Dependencies->all_deps(Array, false, false)
#2 D:\Aarshit_Diploma\xmapp\htdocs\sanjivani\wp-includes\class.wp-dependencies.php(106): WP_Styles->all_deps(Array)
#3 D:\Aarshit_Diploma\xmapp\htdocs\sanjivani\wp-includes\script-loader.php(2739): WP_Dependencies->do_items(Array)
#4 D:\Aarshit_Diploma\xmapp\htdocs\sanjivani\wp-includes\class-wp-hook.php(303): wp_add_iframed_editor_assets_html('')
#5 D:\Aarshit_Diploma\xmapp\htdocs\sanjivani\wp-includes\class-wp-hook.php(327): WP_Hook->apply_filters('', Array)
#6 D:\Aarshit_Diploma\xmapp\htdocs\sanjivani\wp-includes\plugin.php(470): WP_Hook->do_action(Array)
#7 D:\Aarshit_Diploma\xmapp\htdocs\sanjivani\wp-admin\admin-footer.php(105): do_action('admin_footer-po...')
#8 D:\Aarshit_Diploma\xmapp\htdocs\sanjivani\wp-admin\post.php(369): require_once('D:\\Aarshit_Dipl...')
#9 {main}
  thrown in D:\Aarshit_Diploma\xmapp\htdocs\sanjivani\wp-includes\class.wp-dependencies.php on line 166

2021-07-24T22:15:53+00:00 CRITICAL Uncaught TypeError: explode(): Argument #2 ($string) must be of type string, array given in D:\Aarshit_Diploma\xmapp\htdocs\sanjivani\wp-includes\class.wp-dependencies.php:166
Stack trace:
#0 D:\Aarshit_Diploma\xmapp\htdocs\sanjivani\wp-includes\class.wp-dependencies.php(166): explode('?', Array)
#1 D:\Aarshit_Diploma\xmapp\htdocs\sanjivani\wp-includes\class.wp-styles.php(371): WP_Dependencies->all_deps(Array, false, false)
#2 D:\Aarshit_Diploma\xmapp\htdocs\sanjivani\wp-includes\class.wp-dependencies.php(106): WP_Styles->all_deps(Array)
#3 D:\Aarshit_Diploma\xmapp\htdocs\sanjivani\wp-includes\script-loader.php(2739): WP_Dependencies->do_items(Array)
#4 D:\Aarshit_Diploma\xmapp\htdocs\sanjivani\wp-includes\class-wp-hook.php(303): wp_add_iframed_editor_assets_html('')
#5 D:\Aarshit_Diploma\xmapp\htdocs\sanjivani\wp-includes\class-wp-hook.php(327): WP_Hook->apply_filters('', Array)
#6 D:\Aarshit_Diploma\xmapp\htdocs\sanjivani\wp-includes\plugin.php(470): WP_Hook->do_action(Array)
#7 D:\Aarshit_Diploma\xmapp\htdocs\sanjivani\wp-admin\admin-footer.php(105): do_action('admin_footer-po...')
#8 D:\Aarshit_Diploma\xmapp\htdocs\sanjivani\wp-admin\post.php(369): require_once('D:\\Aarshit_Dipl...')
#9 {main}
  thrown in D:\Aarshit_Diploma\xmapp\htdocs\sanjivani\wp-includes\class.wp-dependencies.php on line 166

2021-07-24T22:16:42+00:00 CRITICAL Uncaught TypeError: explode(): Argument #2 ($string) must be of type string, array given in D:\Aarshit_Diploma\xmapp\htdocs\sanjivani\wp-includes\class.wp-dependencies.php:166
Stack trace:
#0 D:\Aarshit_Diploma\xmapp\htdocs\sanjivani\wp-includes\class.wp-dependencies.php(166): explode('?', Array)
#1 D:\Aarshit_Diploma\xmapp\htdocs\sanjivani\wp-includes\class.wp-styles.php(371): WP_Dependencies->all_deps(Array, false, false)
#2 D:\Aarshit_Diploma\xmapp\htdocs\sanjivani\wp-includes\class.wp-dependencies.php(106): WP_Styles->all_deps(Array)
#3 D:\Aarshit_Diploma\xmapp\htdocs\sanjivani\wp-includes\script-loader.php(2739): WP_Dependencies->do_items(Array)
#4 D:\Aarshit_Diploma\xmapp\htdocs\sanjivani\wp-includes\class-wp-hook.php(303): wp_add_iframed_editor_assets_html('')
#5 D:\Aarshit_Diploma\xmapp\htdocs\sanjivani\wp-includes\class-wp-hook.php(327): WP_Hook->apply_filters('', Array)
#6 D:\Aarshit_Diploma\xmapp\htdocs\sanjivani\wp-includes\plugin.php(470): WP_Hook->do_action(Array)
#7 D:\Aarshit_Diploma\xmapp\htdocs\sanjivani\wp-admin\admin-footer.php(105): do_action('admin_footer-po...')
#8 D:\Aarshit_Diploma\xmapp\htdocs\sanjivani\wp-admin\post.php(369): require_once('D:\\Aarshit_Dipl...')
#9 {main}
  thrown in D:\Aarshit_Diploma\xmapp\htdocs\sanjivani\wp-includes\class.wp-dependencies.php on line 166

2021-07-24T22:41:36+00:00 CRITICAL Uncaught TypeError: explode(): Argument #2 ($string) must be of type string, array given in D:\Aarshit_Diploma\xmapp\htdocs\sanjivani\wp-includes\class.wp-dependencies.php:166
Stack trace:
#0 D:\Aarshit_Diploma\xmapp\htdocs\sanjivani\wp-includes\class.wp-dependencies.php(166): explode('?', Array)
#1 D:\Aarshit_Diploma\xmapp\htdocs\sanjivani\wp-includes\class.wp-styles.php(371): WP_Dependencies->all_deps(Array, false, false)
#2 D:\Aarshit_Diploma\xmapp\htdocs\sanjivani\wp-includes\class.wp-dependencies.php(106): WP_Styles->all_deps(Array)
#3 D:\Aarshit_Diploma\xmapp\htdocs\sanjivani\wp-includes\script-loader.php(2739): WP_Dependencies->do_items(Array)
#4 D:\Aarshit_Diploma\xmapp\htdocs\sanjivani\wp-includes\class-wp-hook.php(303): wp_add_iframed_editor_assets_html('')
#5 D:\Aarshit_Diploma\xmapp\htdocs\sanjivani\wp-includes\class-wp-hook.php(327): WP_Hook->apply_filters('', Array)
#6 D:\Aarshit_Diploma\xmapp\htdocs\sanjivani\wp-includes\plugin.php(470): WP_Hook->do_action(Array)
#7 D:\Aarshit_Diploma\xmapp\htdocs\sanjivani\wp-admin\admin-footer.php(105): do_action('admin_footer-po...')
#8 D:\Aarshit_Diploma\xmapp\htdocs\sanjivani\wp-admin\post.php(369): require_once('D:\\Aarshit_Dipl...')
#9 {main}
  thrown in D:\Aarshit_Diploma\xmapp\htdocs\sanjivani\wp-includes\class.wp-dependencies.php on line 166

2021-07-24T22:43:38+00:00 CRITICAL Uncaught TypeError: explode(): Argument #2 ($string) must be of type string, array given in D:\Aarshit_Diploma\xmapp\htdocs\sanjivani\wp-includes\class.wp-dependencies.php:166
Stack trace:
#0 D:\Aarshit_Diploma\xmapp\htdocs\sanjivani\wp-includes\class.wp-dependencies.php(166): explode('?', Array)
#1 D:\Aarshit_Diploma\xmapp\htdocs\sanjivani\wp-includes\class.wp-styles.php(371): WP_Dependencies->all_deps(Array, false, false)
#2 D:\Aarshit_Diploma\xmapp\htdocs\sanjivani\wp-includes\class.wp-dependencies.php(106): WP_Styles->all_deps(Array)
#3 D:\Aarshit_Diploma\xmapp\htdocs\sanjivani\wp-includes\script-loader.php(2739): WP_Dependencies->do_items(Array)
#4 D:\Aarshit_Diploma\xmapp\htdocs\sanjivani\wp-includes\class-wp-hook.php(303): wp_add_iframed_editor_assets_html('')
#5 D:\Aarshit_Diploma\xmapp\htdocs\sanjivani\wp-includes\class-wp-hook.php(327): WP_Hook->apply_filters('', Array)
#6 D:\Aarshit_Diploma\xmapp\htdocs\sanjivani\wp-includes\plugin.php(470): WP_Hook->do_action(Array)
#7 D:\Aarshit_Diploma\xmapp\htdocs\sanjivani\wp-admin\admin-footer.php(105): do_action('admin_footer-po...')
#8 D:\Aarshit_Diploma\xmapp\htdocs\sanjivani\wp-admin\post.php(369): require_once('D:\\Aarshit_Dipl...')
#9 {main}
  thrown in D:\Aarshit_Diploma\xmapp\htdocs\sanjivani\wp-includes\class.wp-dependencies.php on line 166

2021-07-24T22:44:12+00:00 CRITICAL Uncaught TypeError: explode(): Argument #2 ($string) must be of type string, array given in D:\Aarshit_Diploma\xmapp\htdocs\sanjivani\wp-includes\class.wp-dependencies.php:166
Stack trace:
#0 D:\Aarshit_Diploma\xmapp\htdocs\sanjivani\wp-includes\class.wp-dependencies.php(166): explode('?', Array)
#1 D:\Aarshit_Diploma\xmapp\htdocs\sanjivani\wp-includes\class.wp-styles.php(371): WP_Dependencies->all_deps(Array, false, false)
#2 D:\Aarshit_Diploma\xmapp\htdocs\sanjivani\wp-includes\class.wp-dependencies.php(106): WP_Styles->all_deps(Array)
#3 D:\Aarshit_Diploma\xmapp\htdocs\sanjivani\wp-includes\script-loader.php(2739): WP_Dependencies->do_items(Array)
#4 D:\Aarshit_Diploma\xmapp\htdocs\sanjivani\wp-includes\class-wp-hook.php(303): wp_add_iframed_editor_assets_html('')
#5 D:\Aarshit_Diploma\xmapp\htdocs\sanjivani\wp-includes\class-wp-hook.php(327): WP_Hook->apply_filters('', Array)
#6 D:\Aarshit_Diploma\xmapp\htdocs\sanjivani\wp-includes\plugin.php(470): WP_Hook->do_action(Array)
#7 D:\Aarshit_Diploma\xmapp\htdocs\sanjivani\wp-admin\admin-footer.php(105): do_action('admin_footer-po...')
#8 D:\Aarshit_Diploma\xmapp\htdocs\sanjivani\wp-admin\post.php(369): require_once('D:\\Aarshit_Dipl...')
#9 {main}
  thrown in D:\Aarshit_Diploma\xmapp\htdocs\sanjivani\wp-includes\class.wp-dependencies.php on line 166

2021-07-24T22:44:39+00:00 CRITICAL Uncaught TypeError: explode(): Argument #2 ($string) must be of type string, array given in D:\Aarshit_Diploma\xmapp\htdocs\sanjivani\wp-includes\class.wp-dependencies.php:166
Stack trace:
#0 D:\Aarshit_Diploma\xmapp\htdocs\sanjivani\wp-includes\class.wp-dependencies.php(166): explode('?', Array)
#1 D:\Aarshit_Diploma\xmapp\htdocs\sanjivani\wp-includes\class.wp-styles.php(371): WP_Dependencies->all_deps(Array, false, false)
#2 D:\Aarshit_Diploma\xmapp\htdocs\sanjivani\wp-includes\class.wp-dependencies.php(106): WP_Styles->all_deps(Array)
#3 D:\Aarshit_Diploma\xmapp\htdocs\sanjivani\wp-includes\script-loader.php(2739): WP_Dependencies->do_items(Array)
#4 D:\Aarshit_Diploma\xmapp\htdocs\sanjivani\wp-includes\class-wp-hook.php(303): wp_add_iframed_editor_assets_html('')
#5 D:\Aarshit_Diploma\xmapp\htdocs\sanjivani\wp-includes\class-wp-hook.php(327): WP_Hook->apply_filters('', Array)
#6 D:\Aarshit_Diploma\xmapp\htdocs\sanjivani\wp-includes\plugin.php(470): WP_Hook->do_action(Array)
#7 D:\Aarshit_Diploma\xmapp\htdocs\sanjivani\wp-admin\admin-footer.php(105): do_action('admin_footer-po...')
#8 D:\Aarshit_Diploma\xmapp\htdocs\sanjivani\wp-admin\post.php(369): require_once('D:\\Aarshit_Dipl...')
#9 {main}
  thrown in D:\Aarshit_Diploma\xmapp\htdocs\sanjivani\wp-includes\class.wp-dependencies.php on line 166

2021-07-24T22:47:52+00:00 CRITICAL Uncaught TypeError: explode(): Argument #2 ($string) must be of type string, array given in D:\Aarshit_Diploma\xmapp\htdocs\sanjivani\wp-includes\class.wp-dependencies.php:166
Stack trace:
#0 D:\Aarshit_Diploma\xmapp\htdocs\sanjivani\wp-includes\class.wp-dependencies.php(166): explode('?', Array)
#1 D:\Aarshit_Diploma\xmapp\htdocs\sanjivani\wp-includes\class.wp-styles.php(371): WP_Dependencies->all_deps(Array, false, false)
#2 D:\Aarshit_Diploma\xmapp\htdocs\sanjivani\wp-includes\class.wp-dependencies.php(106): WP_Styles->all_deps(Array)
#3 D:\Aarshit_Diploma\xmapp\htdocs\sanjivani\wp-includes\script-loader.php(2739): WP_Dependencies->do_items(Array)
#4 D:\Aarshit_Diploma\xmapp\htdocs\sanjivani\wp-includes\class-wp-hook.php(303): wp_add_iframed_editor_assets_html('')
#5 D:\Aarshit_Diploma\xmapp\htdocs\sanjivani\wp-includes\class-wp-hook.php(327): WP_Hook->apply_filters('', Array)
#6 D:\Aarshit_Diploma\xmapp\htdocs\sanjivani\wp-includes\plugin.php(470): WP_Hook->do_action(Array)
#7 D:\Aarshit_Diploma\xmapp\htdocs\sanjivani\wp-admin\admin-footer.php(105): do_action('admin_footer-po...')
#8 D:\Aarshit_Diploma\xmapp\htdocs\sanjivani\wp-admin\post.php(369): require_once('D:\\Aarshit_Dipl...')
#9 {main}
  thrown in D:\Aarshit_Diploma\xmapp\htdocs\sanjivani\wp-includes\class.wp-dependencies.php on line 166

2021-07-24T22:48:15+00:00 CRITICAL Uncaught TypeError: explode(): Argument #2 ($string) must be of type string, array given in D:\Aarshit_Diploma\xmapp\htdocs\sanjivani\wp-includes\class.wp-dependencies.php:166
Stack trace:
#0 D:\Aarshit_Diploma\xmapp\htdocs\sanjivani\wp-includes\class.wp-dependencies.php(166): explode('?', Array)
#1 D:\Aarshit_Diploma\xmapp\htdocs\sanjivani\wp-includes\class.wp-styles.php(371): WP_Dependencies->all_deps(Array, false, false)
#2 D:\Aarshit_Diploma\xmapp\htdocs\sanjivani\wp-includes\class.wp-dependencies.php(106): WP_Styles->all_deps(Array)
#3 D:\Aarshit_Diploma\xmapp\htdocs\sanjivani\wp-includes\script-loader.php(2739): WP_Dependencies->do_items(Array)
#4 D:\Aarshit_Diploma\xmapp\htdocs\sanjivani\wp-includes\class-wp-hook.php(303): wp_add_iframed_editor_assets_html('')
#5 D:\Aarshit_Diploma\xmapp\htdocs\sanjivani\wp-includes\class-wp-hook.php(327): WP_Hook->apply_filters('', Array)
#6 D:\Aarshit_Diploma\xmapp\htdocs\sanjivani\wp-includes\plugin.php(470): WP_Hook->do_action(Array)
#7 D:\Aarshit_Diploma\xmapp\htdocs\sanjivani\wp-admin\admin-footer.php(105): do_action('admin_footer-po...')
#8 D:\Aarshit_Diploma\xmapp\htdocs\sanjivani\wp-admin\post.php(369): require_once('D:\\Aarshit_Dipl...')
#9 {main}
  thrown in D:\Aarshit_Diploma\xmapp\htdocs\sanjivani\wp-includes\class.wp-dependencies.php on line 166

2021-07-24T22:53:59+00:00 CRITICAL Uncaught TypeError: explode(): Argument #2 ($string) must be of type string, array given in D:\Aarshit_Diploma\xmapp\htdocs\sanjivani\wp-includes\class.wp-dependencies.php:166
Stack trace:
#0 D:\Aarshit_Diploma\xmapp\htdocs\sanjivani\wp-includes\class.wp-dependencies.php(166): explode('?', Array)
#1 D:\Aarshit_Diploma\xmapp\htdocs\sanjivani\wp-includes\class.wp-styles.php(371): WP_Dependencies->all_deps(Array, false, false)
#2 D:\Aarshit_Diploma\xmapp\htdocs\sanjivani\wp-includes\class.wp-dependencies.php(106): WP_Styles->all_deps(Array)
#3 D:\Aarshit_Diploma\xmapp\htdocs\sanjivani\wp-includes\script-loader.php(2739): WP_Dependencies->do_items(Array)
#4 D:\Aarshit_Diploma\xmapp\htdocs\sanjivani\wp-includes\class-wp-hook.php(303): wp_add_iframed_editor_assets_html('')
#5 D:\Aarshit_Diploma\xmapp\htdocs\sanjivani\wp-includes\class-wp-hook.php(327): WP_Hook->apply_filters('', Array)
#6 D:\Aarshit_Diploma\xmapp\htdocs\sanjivani\wp-includes\plugin.php(470): WP_Hook->do_action(Array)
#7 D:\Aarshit_Diploma\xmapp\htdocs\sanjivani\wp-admin\admin-footer.php(105): do_action('admin_footer-po...')
#8 D:\Aarshit_Diploma\xmapp\htdocs\sanjivani\wp-admin\post.php(369): require_once('D:\\Aarshit_Dipl...')
#9 {main}
  thrown in D:\Aarshit_Diploma\xmapp\htdocs\sanjivani\wp-includes\class.wp-dependencies.php on line 166

2021-07-24T22:58:10+00:00 CRITICAL Uncaught TypeError: explode(): Argument #2 ($string) must be of type string, array given in D:\Aarshit_Diploma\xmapp\htdocs\sanjivani\wp-includes\class.wp-dependencies.php:166
Stack trace:
#0 D:\Aarshit_Diploma\xmapp\htdocs\sanjivani\wp-includes\class.wp-dependencies.php(166): explode('?', Array)
#1 D:\Aarshit_Diploma\xmapp\htdocs\sanjivani\wp-includes\class.wp-styles.php(371): WP_Dependencies->all_deps(Array, false, false)
#2 D:\Aarshit_Diploma\xmapp\htdocs\sanjivani\wp-includes\class.wp-dependencies.php(106): WP_Styles->all_deps(Array)
#3 D:\Aarshit_Diploma\xmapp\htdocs\sanjivani\wp-includes\script-loader.php(2739): WP_Dependencies->do_items(Array)
#4 D:\Aarshit_Diploma\xmapp\htdocs\sanjivani\wp-includes\class-wp-hook.php(303): wp_add_iframed_editor_assets_html('')
#5 D:\Aarshit_Diploma\xmapp\htdocs\sanjivani\wp-includes\class-wp-hook.php(327): WP_Hook->apply_filters('', Array)
#6 D:\Aarshit_Diploma\xmapp\htdocs\sanjivani\wp-includes\plugin.php(470): WP_Hook->do_action(Array)
#7 D:\Aarshit_Diploma\xmapp\htdocs\sanjivani\wp-admin\admin-footer.php(105): do_action('admin_footer-po...')
#8 D:\Aarshit_Diploma\xmapp\htdocs\sanjivani\wp-admin\post.php(369): require_once('D:\\Aarshit_Dipl...')
#9 {main}
  thrown in D:\Aarshit_Diploma\xmapp\htdocs\sanjivani\wp-includes\class.wp-dependencies.php on line 166

2021-07-24T23:07:53+00:00 CRITICAL Uncaught TypeError: explode(): Argument #2 ($string) must be of type string, array given in D:\Aarshit_Diploma\xmapp\htdocs\sanjivani\wp-includes\class.wp-dependencies.php:166
Stack trace:
#0 D:\Aarshit_Diploma\xmapp\htdocs\sanjivani\wp-includes\class.wp-dependencies.php(166): explode('?', Array)
#1 D:\Aarshit_Diploma\xmapp\htdocs\sanjivani\wp-includes\class.wp-styles.php(371): WP_Dependencies->all_deps(Array, false, false)
#2 D:\Aarshit_Diploma\xmapp\htdocs\sanjivani\wp-includes\class.wp-dependencies.php(106): WP_Styles->all_deps(Array)
#3 D:\Aarshit_Diploma\xmapp\htdocs\sanjivani\wp-includes\script-loader.php(2739): WP_Dependencies->do_items(Array)
#4 D:\Aarshit_Diploma\xmapp\htdocs\sanjivani\wp-includes\class-wp-hook.php(303): wp_add_iframed_editor_assets_html('')
#5 D:\Aarshit_Diploma\xmapp\htdocs\sanjivani\wp-includes\class-wp-hook.php(327): WP_Hook->apply_filters('', Array)
#6 D:\Aarshit_Diploma\xmapp\htdocs\sanjivani\wp-includes\plugin.php(470): WP_Hook->do_action(Array)
#7 D:\Aarshit_Diploma\xmapp\htdocs\sanjivani\wp-admin\admin-footer.php(105): do_action('admin_footer-po...')
#8 D:\Aarshit_Diploma\xmapp\htdocs\sanjivani\wp-admin\post.php(369): require_once('D:\\Aarshit_Dipl...')
#9 {main}
  thrown in D:\Aarshit_Diploma\xmapp\htdocs\sanjivani\wp-includes\class.wp-dependencies.php on line 166

2021-07-24T23:14:12+00:00 CRITICAL Uncaught TypeError: explode(): Argument #2 ($string) must be of type string, array given in D:\Aarshit_Diploma\xmapp\htdocs\sanjivani\wp-includes\class.wp-dependencies.php:166
Stack trace:
#0 D:\Aarshit_Diploma\xmapp\htdocs\sanjivani\wp-includes\class.wp-dependencies.php(166): explode('?', Array)
#1 D:\Aarshit_Diploma\xmapp\htdocs\sanjivani\wp-includes\class.wp-styles.php(371): WP_Dependencies->all_deps(Array, false, false)
#2 D:\Aarshit_Diploma\xmapp\htdocs\sanjivani\wp-includes\class.wp-dependencies.php(106): WP_Styles->all_deps(Array)
#3 D:\Aarshit_Diploma\xmapp\htdocs\sanjivani\wp-includes\script-loader.php(2739): WP_Dependencies->do_items(Array)
#4 D:\Aarshit_Diploma\xmapp\htdocs\sanjivani\wp-includes\class-wp-hook.php(303): wp_add_iframed_editor_assets_html('')
#5 D:\Aarshit_Diploma\xmapp\htdocs\sanjivani\wp-includes\class-wp-hook.php(327): WP_Hook->apply_filters('', Array)
#6 D:\Aarshit_Diploma\xmapp\htdocs\sanjivani\wp-includes\plugin.php(470): WP_Hook->do_action(Array)
#7 D:\Aarshit_Diploma\xmapp\htdocs\sanjivani\wp-admin\admin-footer.php(105): do_action('admin_footer-po...')
#8 D:\Aarshit_Diploma\xmapp\htdocs\sanjivani\wp-admin\post.php(369): require_once('D:\\Aarshit_Dipl...')
#9 {main}
  thrown in D:\Aarshit_Diploma\xmapp\htdocs\sanjivani\wp-includes\class.wp-dependencies.php on line 166

